2022-02-10T12:14:39+00:00 CRITICAL Uncaught Error: Class 'Elementor\Tools' not found in /var/www/html/wp-content/plugins/elementor/core/debug/inspector.php:31
Stack trace:
#0 /var/www/html/wp-content/plugins/elementor/includes/plugin.php(697): Elementor\Core\Debug\Inspector->__construct()
#1 /var/www/html/wp-content/plugins/elementor/includes/plugin.php(636): Elementor\Plugin->init_components()
#2 /var/www/html/wp-includes/class-wp-hook.php(303): Elementor\Plugin->init('')
#3 /var/www/html/wp-includes/class-wp-hook.php(327): WP_Hook->apply_filters(NULL, Array)
#4 /var/www/html/wp-includes/plugin.php(470): WP_Hook->do_action(Array)
#5 /var/www/html/wp-settings.php(578): do_action('init')
#6 /var/www/html/wp-config.php(64): require_once('/var/www/html/w...')
#7 /var/www/html/wp-load.php(50): require_once('/var/www/html/w...')
#8 /var/www/html/wp-blog-header.php(13): require_once('/var/www/html/w...')
#9 /var/www/html/index.php(17): require('/var/www/html/w...')
#10 {main}
  thrown in /var/www/html/wp-content/plugins/elementor/core/debug/inspector.php on line 31

2022-02-10T12:17:58+00:00 CRITICAL Uncaught Error: Class 'Elementor\Tools' not found in /var/www/html/wp-content/plugins/elementor/core/debug/inspector.php:31
Stack trace:
#0 /var/www/html/wp-content/plugins/elementor/includes/plugin.php(697): Elementor\Core\Debug\Inspector->__construct()
#1 /var/www/html/wp-content/plugins/elementor/includes/plugin.php(636): Elementor\Plugin->init_components()
#2 /var/www/html/wp-includes/class-wp-hook.php(303): Elementor\Plugin->init('')
#3 /var/www/html/wp-includes/class-wp-hook.php(327): WP_Hook->apply_filters(NULL, Array)
#4 /var/www/html/wp-includes/plugin.php(470): WP_Hook->do_action(Array)
#5 /var/www/html/wp-settings.php(578): do_action('init')
#6 /var/www/html/wp-config.php(64): require_once('/var/www/html/w...')
#7 /var/www/html/wp-load.php(50): require_once('/var/www/html/w...')
#8 /var/www/html/wp-blog-header.php(13): require_once('/var/www/html/w...')
#9 /var/www/html/index.php(17): require('/var/www/html/w...')
#10 {main}
  thrown in /var/www/html/wp-content/plugins/elementor/core/debug/inspector.php on line 31

2022-02-10T12:22:44+00:00 CRITICAL Uncaught Error: Class 'Elementor\Tools' not found in /var/www/html/wp-content/plugins/elementor/core/debug/inspector.php:31
Stack trace:
#0 /var/www/html/wp-content/plugins/elementor/includes/plugin.php(697): Elementor\Core\Debug\Inspector->__construct()
#1 /var/www/html/wp-content/plugins/elementor/includes/plugin.php(636): Elementor\Plugin->init_components()
#2 /var/www/html/wp-includes/class-wp-hook.php(303): Elementor\Plugin->init('')
#3 /var/www/html/wp-includes/class-wp-hook.php(327): WP_Hook->apply_filters(NULL, Array)
#4 /var/www/html/wp-includes/plugin.php(470): WP_Hook->do_action(Array)
#5 /var/www/html/wp-settings.php(578): do_action('init')
#6 /var/www/html/wp-config.php(64): require_once('/var/www/html/w...')
#7 /var/www/html/wp-load.php(50): require_once('/var/www/html/w...')
#8 /var/www/html/wp-blog-header.php(13): require_once('/var/www/html/w...')
#9 /var/www/html/index.php(17): require('/var/www/html/w...')
#10 {main}
  thrown in /var/www/html/wp-content/plugins/elementor/core/debug/inspector.php on line 31

