2021-10-09T14:36:07+00:00 NOTICE product.delete_fail :: Unable to deleted product 5198
2021-10-09T17:04:39+00:00 NOTICE product.deleted :: deleted product 4010
2021-10-09T17:05:25+00:00 NOTICE product.deleted :: deleted product 4041
2021-10-09T17:06:24+00:00 NOTICE action_scheduler.queue_job :: MailChimp_WooCommerce_Single_Product starts in 5 seconds :: obj_id 4515
2021-10-09T17:06:39+00:00 NOTICE product_submit.success :: updateStoreProduct :: #4515
2021-10-09T18:23:08+00:00 NOTICE action_scheduler.queue_job :: MailChimp_WooCommerce_Single_Product starts in 5 seconds :: obj_id 5381
2021-10-09T18:23:20+00:00 NOTICE action_scheduler.queue_job :: MailChimp_WooCommerce_Single_Product starts in 5 seconds :: obj_id 5379
2021-10-09T18:23:24+00:00 NOTICE product_submit.success :: updateStoreProduct :: #5381
2021-10-09T18:23:31+00:00 NOTICE action_scheduler.queue_job :: MailChimp_WooCommerce_Single_Product starts in 5 seconds :: obj_id 5372
2021-10-09T18:23:31+00:00 NOTICE product_submit.success :: updateStoreProduct :: #5379
2021-10-09T18:23:38+00:00 NOTICE product_submit.success :: updateStoreProduct :: #5372
2021-10-09T18:28:20+00:00 NOTICE action_scheduler.queue_job :: MailChimp_WooCommerce_Single_Product starts in 5 seconds :: obj_id 3888
2021-10-09T18:28:46+00:00 NOTICE product_submit.success :: updateStoreProduct :: #3888
2021-10-09T21:21:08+00:00 NOTICE action_scheduler.queue_job :: MailChimp_WooCommerce_Single_Product starts in 5 seconds :: obj_id 5541
2021-10-09T21:21:32+00:00 NOTICE product_submit.success :: addStoreProduct :: #5541
2021-10-09T21:23:24+00:00 NOTICE action_scheduler.queue_job :: MailChimp_WooCommerce_Single_Product starts in 5 seconds :: obj_id 5550
2021-10-09T21:23:36+00:00 NOTICE product_submit.success :: addStoreProduct :: #5550
2021-10-09T21:26:06+00:00 NOTICE action_scheduler.queue_job :: MailChimp_WooCommerce_Single_Product starts in 5 seconds :: obj_id 5552
2021-10-09T21:26:54+00:00 NOTICE product_submit.success :: addStoreProduct :: #5552
2021-10-09T21:27:52+00:00 NOTICE action_scheduler.queue_job :: MailChimp_WooCommerce_Single_Product starts in 5 seconds :: obj_id 5550
2021-10-09T21:28:53+00:00 NOTICE product_submit.success :: updateStoreProduct :: #5550
