2021-10-10T12:45:15+00:00 NOTICE action_scheduler.queue_job :: MailChimp_WooCommerce_Single_Product starts in 5 seconds :: obj_id 5282
2021-10-10T12:45:42+00:00 NOTICE product_submit.success :: updateStoreProduct :: #5282
2021-10-10T12:45:49+00:00 NOTICE product.delete_fail :: Unable to deleted product 4905
2021-10-10T13:22:46+00:00 NOTICE action_scheduler.queue_job :: MailChimp_WooCommerce_Single_Product starts in 5 seconds :: obj_id 5459
2021-10-10T13:22:58+00:00 NOTICE action_scheduler.queue_job :: MailChimp_WooCommerce_Single_Product starts in 5 seconds :: obj_id 5434
2021-10-10T13:23:06+00:00 NOTICE product_submit.success :: updateStoreProduct :: #5459
2021-10-10T13:23:07+00:00 NOTICE product_submit.success :: updateStoreProduct :: #5434
2021-10-10T13:23:11+00:00 NOTICE action_scheduler.queue_job :: MailChimp_WooCommerce_Single_Product starts in 5 seconds :: obj_id 5280
2021-10-10T13:23:22+00:00 NOTICE action_scheduler.queue_job :: MailChimp_WooCommerce_Single_Product starts in 5 seconds :: obj_id 3349
2021-10-10T13:24:12+00:00 NOTICE product_submit.success :: updateStoreProduct :: #5280
2021-10-10T13:24:13+00:00 NOTICE product_submit.success :: updateStoreProduct :: #3349
2021-10-10T14:10:21+00:00 NOTICE action_scheduler.queue_job :: MailChimp_WooCommerce_Single_Product starts in 5 seconds :: obj_id 5591
2021-10-10T14:10:51+00:00 NOTICE product_submit.success :: addStoreProduct :: #5591
2021-10-10T14:11:06+00:00 NOTICE action_scheduler.queue_job :: MailChimp_WooCommerce_Single_Product starts in 5 seconds :: obj_id 5591
2021-10-10T14:11:53+00:00 NOTICE product_submit.success :: updateStoreProduct :: #5591
2021-10-10T14:14:18+00:00 NOTICE action_scheduler.queue_job :: MailChimp_WooCommerce_Single_Product starts in 5 seconds :: obj_id 3941
2021-10-10T14:15:17+00:00 NOTICE product_submit.success :: updateStoreProduct :: #3941
2021-10-10T14:27:16+00:00 NOTICE action_scheduler.queue_job :: MailChimp_WooCommerce_Single_Product starts in 5 seconds :: obj_id 5602
2021-10-10T14:28:33+00:00 NOTICE product_submit.success :: addStoreProduct :: #5602
2021-10-10T16:09:15+00:00 NOTICE action_scheduler.queue_job :: MailChimp_WooCommerce_Single_Product starts in 5 seconds :: obj_id 5610
2021-10-10T16:10:19+00:00 NOTICE product_submit.success :: addStoreProduct :: #5610
2021-10-10T16:12:38+00:00 NOTICE action_scheduler.queue_job :: MailChimp_WooCommerce_Single_Product starts in 5 seconds :: obj_id 5619
2021-10-10T16:13:33+00:00 NOTICE product_submit.success :: addStoreProduct :: #5619
2021-10-10T16:15:05+00:00 NOTICE action_scheduler.queue_job :: MailChimp_WooCommerce_Single_Product starts in 5 seconds :: obj_id 5621
2021-10-10T16:15:51+00:00 NOTICE product_submit.success :: addStoreProduct :: #5621
2021-10-10T16:58:38+00:00 NOTICE action_scheduler.queue_job :: MailChimp_WooCommerce_Single_Product starts in 5 seconds :: obj_id 5633
2021-10-10T16:58:57+00:00 NOTICE product_submit.success :: addStoreProduct :: #5633
2021-10-10T17:00:46+00:00 NOTICE action_scheduler.queue_job :: MailChimp_WooCommerce_Single_Product starts in 5 seconds :: obj_id 5641
2021-10-10T17:01:25+00:00 NOTICE product_submit.success :: addStoreProduct :: #5641
2021-10-10T17:14:30+00:00 NOTICE action_scheduler.queue_job :: MailChimp_WooCommerce_Single_Product starts in 5 seconds :: obj_id 5643
2021-10-10T17:14:58+00:00 NOTICE product_submit.success :: addStoreProduct :: #5643
2021-10-10T17:26:45+00:00 NOTICE action_scheduler.queue_job :: MailChimp_WooCommerce_Single_Product starts in 5 seconds :: obj_id 5645
2021-10-10T17:27:01+00:00 NOTICE product_submit.success :: addStoreProduct :: #5645
2021-10-10T17:29:22+00:00 NOTICE action_scheduler.queue_job :: MailChimp_WooCommerce_Single_Product starts in 5 seconds :: obj_id 5653
2021-10-10T17:30:22+00:00 NOTICE product_submit.success :: addStoreProduct :: #5653
2021-10-10T17:31:30+00:00 NOTICE action_scheduler.queue_job :: MailChimp_WooCommerce_Single_Product starts in 5 seconds :: obj_id 5655
2021-10-10T17:32:14+00:00 NOTICE action_scheduler.queue_job :: MailChimp_WooCommerce_Single_Product starts in 5 seconds :: obj_id 5645
2021-10-10T17:32:34+00:00 NOTICE product_submit.success :: addStoreProduct :: #5655
2021-10-10T17:32:35+00:00 NOTICE product_submit.success :: updateStoreProduct :: #5645
2021-10-10T17:32:38+00:00 NOTICE action_scheduler.queue_job :: MailChimp_WooCommerce_Single_Product starts in 5 seconds :: obj_id 5641
2021-10-10T17:33:09+00:00 NOTICE action_scheduler.queue_job :: MailChimp_WooCommerce_Single_Product starts in 5 seconds :: obj_id 5602
2021-10-10T17:33:22+00:00 NOTICE action_scheduler.queue_job :: MailChimp_WooCommerce_Single_Product starts in 5 seconds :: obj_id 5643
2021-10-10T17:33:38+00:00 NOTICE action_scheduler.queue_job :: MailChimp_WooCommerce_Single_Product starts in 5 seconds :: obj_id 5633
2021-10-10T17:33:42+00:00 NOTICE product_submit.success :: updateStoreProduct :: #5641
2021-10-10T17:33:43+00:00 NOTICE product_submit.success :: updateStoreProduct :: #5602
2021-10-10T17:33:43+00:00 NOTICE product_submit.success :: updateStoreProduct :: #5643
2021-10-10T17:33:43+00:00 NOTICE product_submit.success :: updateStoreProduct :: #5633
2021-10-10T17:33:58+00:00 NOTICE action_scheduler.queue_job :: MailChimp_WooCommerce_Single_Product starts in 5 seconds :: obj_id 5552
2021-10-10T17:34:11+00:00 NOTICE action_scheduler.queue_job :: MailChimp_WooCommerce_Single_Product starts in 5 seconds :: obj_id 5550
2021-10-10T17:34:29+00:00 NOTICE action_scheduler.queue_job :: MailChimp_WooCommerce_Single_Product starts in 5 seconds :: obj_id 5541
2021-10-10T17:34:36+00:00 NOTICE product_submit.success :: updateStoreProduct :: #5552
2021-10-10T17:34:37+00:00 NOTICE product_submit.success :: updateStoreProduct :: #5550
2021-10-10T17:34:37+00:00 NOTICE product_submit.success :: updateStoreProduct :: #5541
2021-10-10T17:34:40+00:00 NOTICE action_scheduler.queue_job :: MailChimp_WooCommerce_Single_Product starts in 5 seconds :: obj_id 5550
2021-10-10T17:34:49+00:00 NOTICE action_scheduler.queue_job :: MailChimp_WooCommerce_Single_Product starts in 5 seconds :: obj_id 5552
2021-10-10T17:35:07+00:00 NOTICE action_scheduler.queue_job :: MailChimp_WooCommerce_Single_Product starts in 5 seconds :: obj_id 5653
2021-10-10T17:35:18+00:00 NOTICE action_scheduler.queue_job :: MailChimp_WooCommerce_Single_Product starts in 5 seconds :: obj_id 5645
2021-10-10T17:35:32+00:00 NOTICE action_scheduler.queue_job :: MailChimp_WooCommerce_Single_Product starts in 5 seconds :: obj_id 5655
2021-10-10T17:35:54+00:00 NOTICE action_scheduler.queue_job :: MailChimp_WooCommerce_Single_Product starts in 5 seconds :: obj_id 5641
2021-10-10T17:35:58+00:00 NOTICE product_submit.success :: updateStoreProduct :: #5550
2021-10-10T17:35:58+00:00 NOTICE product_submit.success :: updateStoreProduct :: #5552
2021-10-10T17:35:59+00:00 NOTICE product_submit.success :: updateStoreProduct :: #5653
2021-10-10T17:35:59+00:00 NOTICE product_submit.success :: updateStoreProduct :: #5645
2021-10-10T17:35:59+00:00 NOTICE product_submit.success :: updateStoreProduct :: #5655
2021-10-10T17:36:00+00:00 NOTICE product_submit.success :: updateStoreProduct :: #5641
2021-10-10T17:36:43+00:00 NOTICE action_scheduler.queue_job :: MailChimp_WooCommerce_Single_Product starts in 5 seconds :: obj_id 5477
2021-10-10T17:36:54+00:00 NOTICE product_submit.success :: updateStoreProduct :: #5477
2021-10-10T17:37:02+00:00 NOTICE action_scheduler.queue_job :: MailChimp_WooCommerce_Single_Product starts in 5 seconds :: obj_id 5621
2021-10-10T17:37:18+00:00 NOTICE action_scheduler.queue_job :: MailChimp_WooCommerce_Single_Product starts in 5 seconds :: obj_id 5619
2021-10-10T17:37:31+00:00 NOTICE action_scheduler.queue_job :: MailChimp_WooCommerce_Single_Product starts in 5 seconds :: obj_id 5610
2021-10-10T17:37:47+00:00 NOTICE action_scheduler.queue_job :: MailChimp_WooCommerce_Single_Product starts in 5 seconds :: obj_id 5591
2021-10-10T17:37:59+00:00 NOTICE product_submit.success :: updateStoreProduct :: #5621
2021-10-10T17:38:00+00:00 NOTICE product_submit.success :: updateStoreProduct :: #5619
2021-10-10T17:38:00+00:00 NOTICE product_submit.success :: updateStoreProduct :: #5610
2021-10-10T17:38:00+00:00 NOTICE product_submit.success :: updateStoreProduct :: #5591
2021-10-10T17:38:04+00:00 NOTICE action_scheduler.queue_job :: MailChimp_WooCommerce_Single_Product starts in 5 seconds :: obj_id 5552
2021-10-10T17:38:17+00:00 NOTICE action_scheduler.queue_job :: MailChimp_WooCommerce_Single_Product starts in 5 seconds :: obj_id 5550
2021-10-10T17:38:30+00:00 NOTICE action_scheduler.queue_job :: MailChimp_WooCommerce_Single_Product starts in 5 seconds :: obj_id 5541
2021-10-10T17:38:58+00:00 NOTICE action_scheduler.queue_job :: MailChimp_WooCommerce_Single_Product starts in 5 seconds :: obj_id 5473
2021-10-10T17:39:00+00:00 NOTICE product_submit.success :: updateStoreProduct :: #5552
2021-10-10T17:39:01+00:00 NOTICE product_submit.success :: updateStoreProduct :: #5550
2021-10-10T17:39:01+00:00 NOTICE product_submit.success :: updateStoreProduct :: #5541
2021-10-10T17:39:08+00:00 NOTICE product_submit.success :: updateStoreProduct :: #5473
2021-10-10T17:39:25+00:00 NOTICE action_scheduler.queue_job :: MailChimp_WooCommerce_Single_Product starts in 5 seconds :: obj_id 5471
2021-10-10T17:39:41+00:00 NOTICE action_scheduler.queue_job :: MailChimp_WooCommerce_Single_Product starts in 5 seconds :: obj_id 5469
2021-10-10T17:39:56+00:00 NOTICE action_scheduler.queue_job :: MailChimp_WooCommerce_Single_Product starts in 5 seconds :: obj_id 5467
2021-10-10T17:40:03+00:00 NOTICE product_submit.success :: updateStoreProduct :: #5471
2021-10-10T17:40:04+00:00 NOTICE product_submit.success :: updateStoreProduct :: #5469
2021-10-10T17:40:04+00:00 NOTICE product_submit.success :: updateStoreProduct :: #5467
2021-10-10T17:40:51+00:00 NOTICE action_scheduler.queue_job :: MailChimp_WooCommerce_Single_Product starts in 5 seconds :: obj_id 5463
2021-10-10T17:41:07+00:00 NOTICE product_submit.success :: updateStoreProduct :: #5463
2021-10-10T17:41:09+00:00 NOTICE action_scheduler.queue_job :: MailChimp_WooCommerce_Single_Product starts in 5 seconds :: obj_id 5455
2021-10-10T17:41:19+00:00 NOTICE action_scheduler.queue_job :: MailChimp_WooCommerce_Single_Product starts in 5 seconds :: obj_id 5434
2021-10-10T17:41:45+00:00 NOTICE action_scheduler.queue_job :: MailChimp_WooCommerce_Single_Product starts in 5 seconds :: obj_id 5430
2021-10-10T17:42:09+00:00 NOTICE action_scheduler.queue_job :: MailChimp_WooCommerce_Single_Product starts in 5 seconds :: obj_id 5422
2021-10-10T17:42:11+00:00 NOTICE product_submit.success :: updateStoreProduct :: #5455
2021-10-10T17:42:12+00:00 NOTICE product_submit.success :: updateStoreProduct :: #5434
2021-10-10T17:42:12+00:00 NOTICE product_submit.success :: updateStoreProduct :: #5430
2021-10-10T17:42:19+00:00 NOTICE product_submit.success :: updateStoreProduct :: #5422
2021-10-10T17:42:24+00:00 NOTICE action_scheduler.queue_job :: MailChimp_WooCommerce_Single_Product starts in 5 seconds :: obj_id 5418
2021-10-10T17:42:35+00:00 NOTICE action_scheduler.queue_job :: MailChimp_WooCommerce_Single_Product starts in 5 seconds :: obj_id 5414
2021-10-10T17:42:52+00:00 NOTICE action_scheduler.queue_job :: MailChimp_WooCommerce_Single_Product starts in 5 seconds :: obj_id 5410
2021-10-10T17:43:11+00:00 NOTICE action_scheduler.queue_job :: MailChimp_WooCommerce_Single_Product starts in 5 seconds :: obj_id 5398
2021-10-10T17:43:13+00:00 NOTICE product_submit.success :: updateStoreProduct :: #5418
2021-10-10T17:43:14+00:00 NOTICE product_submit.success :: updateStoreProduct :: #5414
2021-10-10T17:43:14+00:00 NOTICE product_submit.success :: updateStoreProduct :: #5410
2021-10-10T17:43:21+00:00 NOTICE product_submit.success :: updateStoreProduct :: #5398
2021-10-10T17:43:21+00:00 NOTICE product.deleted :: deleted product 5393
2021-10-10T17:43:52+00:00 NOTICE action_scheduler.queue_job :: MailChimp_WooCommerce_Single_Product starts in 5 seconds :: obj_id 5391
2021-10-10T17:44:17+00:00 NOTICE product_submit.success :: updateStoreProduct :: #5391
2021-10-10T17:44:41+00:00 NOTICE action_scheduler.queue_job :: MailChimp_WooCommerce_Single_Product starts in 5 seconds :: obj_id 5389
2021-10-10T17:45:18+00:00 NOTICE product_submit.success :: updateStoreProduct :: #5389
2021-10-10T17:45:34+00:00 NOTICE action_scheduler.queue_job :: MailChimp_WooCommerce_Single_Product starts in 5 seconds :: obj_id 5369
2021-10-10T17:45:53+00:00 NOTICE action_scheduler.queue_job :: MailChimp_WooCommerce_Single_Product starts in 5 seconds :: obj_id 5366
2021-10-10T17:46:10+00:00 NOTICE action_scheduler.queue_job :: MailChimp_WooCommerce_Single_Product starts in 5 seconds :: obj_id 5364
2021-10-10T17:46:19+00:00 NOTICE product_submit.success :: updateStoreProduct :: #5369
2021-10-10T17:46:20+00:00 NOTICE product_submit.success :: updateStoreProduct :: #5366
2021-10-10T17:46:20+00:00 NOTICE product_submit.success :: updateStoreProduct :: #5364
2021-10-10T17:46:29+00:00 NOTICE action_scheduler.queue_job :: MailChimp_WooCommerce_Single_Product starts in 5 seconds :: obj_id 5355
2021-10-10T17:46:45+00:00 NOTICE action_scheduler.queue_job :: MailChimp_WooCommerce_Single_Product starts in 5 seconds :: obj_id 5384
2021-10-10T17:47:06+00:00 NOTICE action_scheduler.queue_job :: MailChimp_WooCommerce_Single_Product starts in 5 seconds :: obj_id 5352
2021-10-10T17:47:22+00:00 NOTICE action_scheduler.queue_job :: MailChimp_WooCommerce_Single_Product starts in 5 seconds :: obj_id 5350
2021-10-10T17:47:24+00:00 NOTICE product_submit.success :: updateStoreProduct :: #5355
2021-10-10T17:47:24+00:00 NOTICE product_submit.success :: updateStoreProduct :: #5384
2021-10-10T17:47:25+00:00 NOTICE product_submit.success :: updateStoreProduct :: #5352
2021-10-10T17:47:32+00:00 NOTICE product_submit.success :: updateStoreProduct :: #5350
2021-10-10T17:47:34+00:00 NOTICE action_scheduler.queue_job :: MailChimp_WooCommerce_Single_Product starts in 5 seconds :: obj_id 5352
2021-10-10T17:47:59+00:00 NOTICE action_scheduler.queue_job :: MailChimp_WooCommerce_Single_Product starts in 5 seconds :: obj_id 5350
2021-10-10T17:48:13+00:00 NOTICE action_scheduler.queue_job :: MailChimp_WooCommerce_Single_Product starts in 5 seconds :: obj_id 5348
2021-10-10T17:48:29+00:00 NOTICE product_submit.success :: updateStoreProduct :: #5352
2021-10-10T17:48:29+00:00 NOTICE product_submit.success :: updateStoreProduct :: #5350
2021-10-10T17:48:30+00:00 NOTICE product_submit.success :: updateStoreProduct :: #5348
2021-10-10T17:48:32+00:00 NOTICE action_scheduler.queue_job :: MailChimp_WooCommerce_Single_Product starts in 5 seconds :: obj_id 5346
2021-10-10T17:48:58+00:00 NOTICE action_scheduler.queue_job :: MailChimp_WooCommerce_Single_Product starts in 5 seconds :: obj_id 5344
2021-10-10T17:49:47+00:00 NOTICE product_submit.success :: updateStoreProduct :: #5346
2021-10-10T17:49:49+00:00 NOTICE product_submit.success :: updateStoreProduct :: #5344
2021-10-10T17:52:39+00:00 NOTICE action_scheduler.queue_job :: MailChimp_WooCommerce_Single_Product starts in 5 seconds :: obj_id 5325
2021-10-10T17:53:00+00:00 NOTICE action_scheduler.queue_job :: MailChimp_WooCommerce_Single_Product starts in 5 seconds :: obj_id 5321
2021-10-10T17:53:03+00:00 NOTICE product_submit.success :: updateStoreProduct :: #5325
2021-10-10T17:53:11+00:00 NOTICE product_submit.success :: updateStoreProduct :: #5321
2021-10-10T17:53:17+00:00 NOTICE action_scheduler.queue_job :: MailChimp_WooCommerce_Single_Product starts in 5 seconds :: obj_id 5318
2021-10-10T17:53:58+00:00 NOTICE action_scheduler.queue_job :: MailChimp_WooCommerce_Single_Product starts in 5 seconds :: obj_id 5315
2021-10-10T17:54:09+00:00 NOTICE product_submit.success :: updateStoreProduct :: #5318
2021-10-10T17:54:10+00:00 NOTICE product_submit.success :: updateStoreProduct :: #5315
2021-10-10T17:54:27+00:00 NOTICE action_scheduler.queue_job :: MailChimp_WooCommerce_Single_Product starts in 5 seconds :: obj_id 5311
2021-10-10T17:54:41+00:00 NOTICE action_scheduler.queue_job :: MailChimp_WooCommerce_Single_Product starts in 5 seconds :: obj_id 5315
2021-10-10T17:55:05+00:00 NOTICE action_scheduler.queue_job :: MailChimp_WooCommerce_Single_Product starts in 5 seconds :: obj_id 5307
2021-10-10T17:55:13+00:00 NOTICE product_submit.success :: updateStoreProduct :: #5311
2021-10-10T17:55:13+00:00 NOTICE product_submit.success :: updateStoreProduct :: #5315
2021-10-10T17:55:14+00:00 NOTICE product_submit.success :: updateStoreProduct :: #5307
2021-10-10T17:55:19+00:00 NOTICE action_scheduler.queue_job :: MailChimp_WooCommerce_Single_Product starts in 5 seconds :: obj_id 5298
2021-10-10T17:55:58+00:00 NOTICE action_scheduler.queue_job :: MailChimp_WooCommerce_Single_Product starts in 5 seconds :: obj_id 5289
2021-10-10T17:56:04+00:00 NOTICE product.deleted :: deleted product 5284
2021-10-10T17:56:15+00:00 NOTICE product_submit.success :: updateStoreProduct :: #5298
2021-10-10T17:56:15+00:00 NOTICE product_submit.success :: updateStoreProduct :: #5289
2021-10-10T17:56:30+00:00 NOTICE action_scheduler.queue_job :: MailChimp_WooCommerce_Single_Product starts in 5 seconds :: obj_id 5282
2021-10-10T17:56:43+00:00 NOTICE action_scheduler.queue_job :: MailChimp_WooCommerce_Single_Product starts in 5 seconds :: obj_id 5280
2021-10-10T17:56:55+00:00 NOTICE action_scheduler.queue_job :: MailChimp_WooCommerce_Single_Product starts in 5 seconds :: obj_id 5278
2021-10-10T17:57:16+00:00 NOTICE action_scheduler.queue_job :: MailChimp_WooCommerce_Single_Product starts in 5 seconds :: obj_id 5276
2021-10-10T17:57:18+00:00 NOTICE product_submit.success :: updateStoreProduct :: #5282
2021-10-10T17:57:18+00:00 NOTICE product_submit.success :: updateStoreProduct :: #5280
2021-10-10T17:57:19+00:00 NOTICE product_submit.success :: updateStoreProduct :: #5278
2021-10-10T17:57:27+00:00 NOTICE product_submit.success :: updateStoreProduct :: #5276
2021-10-10T17:57:31+00:00 NOTICE action_scheduler.queue_job :: MailChimp_WooCommerce_Single_Product starts in 5 seconds :: obj_id 5274
2021-10-10T17:57:45+00:00 NOTICE action_scheduler.queue_job :: MailChimp_WooCommerce_Single_Product starts in 5 seconds :: obj_id 5272
2021-10-10T17:58:19+00:00 NOTICE product_submit.success :: updateStoreProduct :: #5274
2021-10-10T17:58:19+00:00 NOTICE product_submit.success :: updateStoreProduct :: #5272
2021-10-10T17:58:33+00:00 NOTICE action_scheduler.queue_job :: MailChimp_WooCommerce_Single_Product starts in 5 seconds :: obj_id 5270
2021-10-10T17:59:01+00:00 NOTICE action_scheduler.queue_job :: MailChimp_WooCommerce_Single_Product starts in 5 seconds :: obj_id 5268
2021-10-10T17:59:22+00:00 NOTICE action_scheduler.queue_job :: MailChimp_WooCommerce_Single_Product starts in 5 seconds :: obj_id 5266
2021-10-10T17:59:25+00:00 NOTICE product_submit.success :: updateStoreProduct :: #5270
2021-10-10T17:59:25+00:00 NOTICE product_submit.success :: updateStoreProduct :: #5268
2021-10-10T17:59:32+00:00 NOTICE product_submit.success :: updateStoreProduct :: #5266
2021-10-10T18:00:16+00:00 NOTICE action_scheduler.queue_job :: MailChimp_WooCommerce_Single_Product starts in 5 seconds :: obj_id 5268
2021-10-10T18:00:31+00:00 NOTICE product_submit.success :: updateStoreProduct :: #5268
2021-10-10T18:02:01+00:00 NOTICE action_scheduler.queue_job :: MailChimp_WooCommerce_Single_Product starts in 5 seconds :: obj_id 2390
2021-10-10T18:02:12+00:00 NOTICE action_scheduler.queue_job :: MailChimp_WooCommerce_Single_Product starts in 5 seconds :: obj_id 2422
2021-10-10T18:02:21+00:00 NOTICE action_scheduler.queue_job :: MailChimp_WooCommerce_Single_Product starts in 5 seconds :: obj_id 2423
2021-10-10T18:02:31+00:00 NOTICE action_scheduler.queue_job :: MailChimp_WooCommerce_Single_Product starts in 5 seconds :: obj_id 4515
2021-10-10T18:02:41+00:00 NOTICE product_submit.success :: updateStoreProduct :: #2390
2021-10-10T18:02:41+00:00 NOTICE action_scheduler.queue_job :: MailChimp_WooCommerce_Single_Product starts in 5 seconds :: obj_id 4518
2021-10-10T18:02:41+00:00 NOTICE product_submit.success :: updateStoreProduct :: #2422
2021-10-10T18:02:42+00:00 NOTICE product_submit.success :: updateStoreProduct :: #2423
2021-10-10T18:02:42+00:00 NOTICE product_submit.success :: updateStoreProduct :: #4515
2021-10-10T18:02:50+00:00 NOTICE product_submit.success :: updateStoreProduct :: #4518
2021-10-10T18:02:56+00:00 NOTICE action_scheduler.queue_job :: MailChimp_WooCommerce_Single_Product starts in 5 seconds :: obj_id 5355
2021-10-10T18:03:12+00:00 NOTICE action_scheduler.queue_job :: MailChimp_WooCommerce_Single_Product starts in 5 seconds :: obj_id 1871
2021-10-10T18:03:26+00:00 NOTICE action_scheduler.queue_job :: MailChimp_WooCommerce_Single_Product starts in 5 seconds :: obj_id 5264
2021-10-10T18:03:38+00:00 NOTICE action_scheduler.queue_job :: MailChimp_WooCommerce_Single_Product starts in 5 seconds :: obj_id 5262
2021-10-10T18:03:46+00:00 NOTICE product_submit.success :: updateStoreProduct :: #5355
2021-10-10T18:03:46+00:00 NOTICE product_submit.success :: updateStoreProduct :: #1871
2021-10-10T18:03:47+00:00 NOTICE product_submit.success :: updateStoreProduct :: #5264
2021-10-10T18:03:47+00:00 NOTICE product_submit.success :: updateStoreProduct :: #5262
2021-10-10T18:03:57+00:00 NOTICE action_scheduler.queue_job :: MailChimp_WooCommerce_Single_Product starts in 5 seconds :: obj_id 5260
2021-10-10T18:04:12+00:00 NOTICE action_scheduler.queue_job :: MailChimp_WooCommerce_Single_Product starts in 5 seconds :: obj_id 5258
2021-10-10T18:04:29+00:00 NOTICE action_scheduler.queue_job :: MailChimp_WooCommerce_Single_Product starts in 5 seconds :: obj_id 5255
2021-10-10T18:04:46+00:00 NOTICE action_scheduler.queue_job :: MailChimp_WooCommerce_Single_Product starts in 5 seconds :: obj_id 5253
2021-10-10T18:04:53+00:00 NOTICE product_submit.success :: updateStoreProduct :: #5260
2021-10-10T18:04:54+00:00 NOTICE product_submit.success :: updateStoreProduct :: #5258
2021-10-10T18:04:54+00:00 NOTICE product_submit.success :: updateStoreProduct :: #5255
2021-10-10T18:04:55+00:00 NOTICE product_submit.success :: updateStoreProduct :: #5253
2021-10-10T18:05:04+00:00 NOTICE action_scheduler.queue_job :: MailChimp_WooCommerce_Single_Product starts in 5 seconds :: obj_id 5200
2021-10-10T18:05:23+00:00 NOTICE action_scheduler.queue_job :: MailChimp_WooCommerce_Single_Product starts in 5 seconds :: obj_id 5196
2021-10-10T18:05:37+00:00 NOTICE action_scheduler.queue_job :: MailChimp_WooCommerce_Single_Product starts in 5 seconds :: obj_id 5191
2021-10-10T18:05:44+00:00 NOTICE action_scheduler.queue_job :: MailChimp_WooCommerce_Single_Product starts in 5 seconds :: obj_id 5194
2021-10-10T18:05:55+00:00 NOTICE product_submit.success :: updateStoreProduct :: #5200
2021-10-10T18:05:55+00:00 NOTICE product_submit.success :: updateStoreProduct :: #5196
2021-10-10T18:05:56+00:00 NOTICE product_submit.success :: updateStoreProduct :: #5191
2021-10-10T18:05:56+00:00 NOTICE product_submit.success :: updateStoreProduct :: #5194
2021-10-10T18:06:00+00:00 NOTICE action_scheduler.queue_job :: MailChimp_WooCommerce_Single_Product starts in 5 seconds :: obj_id 5189
2021-10-10T18:06:27+00:00 NOTICE action_scheduler.queue_job :: MailChimp_WooCommerce_Single_Product starts in 5 seconds :: obj_id 5187
2021-10-10T18:06:40+00:00 NOTICE action_scheduler.queue_job :: MailChimp_WooCommerce_Single_Product starts in 5 seconds :: obj_id 5185
2021-10-10T18:06:57+00:00 NOTICE product_submit.success :: updateStoreProduct :: #5189
2021-10-10T18:06:58+00:00 NOTICE product_submit.success :: updateStoreProduct :: #5187
2021-10-10T18:06:58+00:00 NOTICE product_submit.success :: updateStoreProduct :: #5185
2021-10-10T18:07:16+00:00 NOTICE action_scheduler.queue_job :: MailChimp_WooCommerce_Single_Product starts in 5 seconds :: obj_id 5183
2021-10-10T18:07:50+00:00 NOTICE action_scheduler.queue_job :: MailChimp_WooCommerce_Single_Product starts in 5 seconds :: obj_id 5181
2021-10-10T18:08:03+00:00 NOTICE product_submit.success :: updateStoreProduct :: #5183
2021-10-10T18:08:03+00:00 NOTICE product_submit.success :: updateStoreProduct :: #5181
2021-10-10T18:08:05+00:00 NOTICE action_scheduler.queue_job :: MailChimp_WooCommerce_Single_Product starts in 5 seconds :: obj_id 5177
2021-10-10T18:08:30+00:00 NOTICE action_scheduler.queue_job :: MailChimp_WooCommerce_Single_Product starts in 5 seconds :: obj_id 5175
2021-10-10T18:08:49+00:00 NOTICE action_scheduler.queue_job :: MailChimp_WooCommerce_Single_Product starts in 5 seconds :: obj_id 5173
2021-10-10T18:08:56+00:00 NOTICE action_scheduler.queue_job :: MailChimp_WooCommerce_Single_Product starts in 5 seconds :: obj_id 5171
2021-10-10T18:09:04+00:00 NOTICE product_submit.success :: updateStoreProduct :: #5177
2021-10-10T18:09:05+00:00 NOTICE product_submit.success :: updateStoreProduct :: #5175
2021-10-10T18:09:07+00:00 NOTICE product_submit.success :: updateStoreProduct :: #5173
2021-10-10T18:09:14+00:00 NOTICE product_submit.success :: updateStoreProduct :: #5171
2021-10-10T18:09:17+00:00 NOTICE action_scheduler.queue_job :: MailChimp_WooCommerce_Single_Product starts in 5 seconds :: obj_id 5169
2021-10-10T18:09:33+00:00 NOTICE action_scheduler.queue_job :: MailChimp_WooCommerce_Single_Product starts in 5 seconds :: obj_id 5138
2021-10-10T18:09:47+00:00 NOTICE action_scheduler.queue_job :: MailChimp_WooCommerce_Single_Product starts in 5 seconds :: obj_id 5133
2021-10-10T18:10:03+00:00 NOTICE action_scheduler.queue_job :: MailChimp_WooCommerce_Single_Product starts in 5 seconds :: obj_id 5129
2021-10-10T18:10:06+00:00 NOTICE product_submit.success :: updateStoreProduct :: #5169
2021-10-10T18:10:06+00:00 NOTICE product_submit.success :: updateStoreProduct :: #5138
2021-10-10T18:10:07+00:00 NOTICE product_submit.success :: updateStoreProduct :: #5133
2021-10-10T18:10:13+00:00 NOTICE product_submit.success :: updateStoreProduct :: #5129
2021-10-10T18:10:20+00:00 NOTICE action_scheduler.queue_job :: MailChimp_WooCommerce_Single_Product starts in 5 seconds :: obj_id 5124
2021-10-10T18:10:30+00:00 NOTICE action_scheduler.queue_job :: MailChimp_WooCommerce_Single_Product starts in 5 seconds :: obj_id 5122
2021-10-10T18:11:00+00:00 NOTICE action_scheduler.queue_job :: MailChimp_WooCommerce_Single_Product starts in 5 seconds :: obj_id 5115
2021-10-10T18:11:09+00:00 NOTICE product_submit.success :: updateStoreProduct :: #5124
2021-10-10T18:11:09+00:00 NOTICE product_submit.success :: updateStoreProduct :: #5122
2021-10-10T18:11:10+00:00 NOTICE product_submit.success :: updateStoreProduct :: #5115
2021-10-10T18:11:47+00:00 NOTICE action_scheduler.queue_job :: MailChimp_WooCommerce_Single_Product starts in 5 seconds :: obj_id 5053
2021-10-10T18:12:10+00:00 NOTICE product_submit.success :: updateStoreProduct :: #5053
2021-10-10T18:12:31+00:00 NOTICE action_scheduler.queue_job :: MailChimp_WooCommerce_Single_Product starts in 5 seconds :: obj_id 5051
2021-10-10T18:12:47+00:00 NOTICE action_scheduler.queue_job :: MailChimp_WooCommerce_Single_Product starts in 5 seconds :: obj_id 5129
2021-10-10T18:13:00+00:00 NOTICE action_scheduler.queue_job :: MailChimp_WooCommerce_Single_Product starts in 5 seconds :: obj_id 5049
2021-10-10T18:13:10+00:00 NOTICE action_scheduler.queue_job :: MailChimp_WooCommerce_Single_Product starts in 5 seconds :: obj_id 5047
2021-10-10T18:13:13+00:00 NOTICE product_submit.success :: updateStoreProduct :: #5051
2021-10-10T18:13:13+00:00 NOTICE product_submit.success :: updateStoreProduct :: #5129
2021-10-10T18:13:14+00:00 NOTICE product_submit.success :: updateStoreProduct :: #5049
2021-10-10T18:13:21+00:00 NOTICE product_submit.success :: updateStoreProduct :: #5047
2021-10-10T18:13:54+00:00 NOTICE action_scheduler.queue_job :: MailChimp_WooCommerce_Single_Product starts in 5 seconds :: obj_id 5022
2021-10-10T18:14:05+00:00 NOTICE action_scheduler.queue_job :: MailChimp_WooCommerce_Single_Product starts in 5 seconds :: obj_id 5020
2021-10-10T18:14:16+00:00 NOTICE product_submit.success :: updateStoreProduct :: #5022
2021-10-10T18:14:17+00:00 NOTICE product_submit.success :: updateStoreProduct :: #5020
2021-10-10T18:14:19+00:00 NOTICE action_scheduler.queue_job :: MailChimp_WooCommerce_Single_Product starts in 5 seconds :: obj_id 5018
2021-10-10T18:14:38+00:00 NOTICE action_scheduler.queue_job :: MailChimp_WooCommerce_Single_Product starts in 5 seconds :: obj_id 5016
2021-10-10T18:14:52+00:00 NOTICE action_scheduler.queue_job :: MailChimp_WooCommerce_Single_Product starts in 5 seconds :: obj_id 5010
2021-10-10T18:15:05+00:00 NOTICE action_scheduler.queue_job :: MailChimp_WooCommerce_Single_Product starts in 5 seconds :: obj_id 5007
2021-10-10T18:15:16+00:00 NOTICE product_submit.success :: updateStoreProduct :: #5018
2021-10-10T18:15:16+00:00 NOTICE product_submit.success :: updateStoreProduct :: #5016
2021-10-10T18:15:17+00:00 NOTICE product_submit.success :: updateStoreProduct :: #5010
2021-10-10T18:15:17+00:00 NOTICE product_submit.success :: updateStoreProduct :: #5007
2021-10-10T18:15:24+00:00 NOTICE action_scheduler.queue_job :: MailChimp_WooCommerce_Single_Product starts in 5 seconds :: obj_id 5005
2021-10-10T18:15:42+00:00 NOTICE action_scheduler.queue_job :: MailChimp_WooCommerce_Single_Product starts in 5 seconds :: obj_id 5003
2021-10-10T18:15:54+00:00 NOTICE action_scheduler.queue_job :: MailChimp_WooCommerce_Single_Product starts in 5 seconds :: obj_id 5001
2021-10-10T18:16:07+00:00 NOTICE action_scheduler.queue_job :: MailChimp_WooCommerce_Single_Product starts in 5 seconds :: obj_id 4999
2021-10-10T18:16:18+00:00 NOTICE product_submit.success :: updateStoreProduct :: #5005
2021-10-10T18:16:18+00:00 NOTICE product_submit.success :: updateStoreProduct :: #5003
2021-10-10T18:16:19+00:00 NOTICE product_submit.success :: updateStoreProduct :: #5001
2021-10-10T18:16:19+00:00 NOTICE product_submit.success :: updateStoreProduct :: #4999
2021-10-10T18:16:21+00:00 NOTICE action_scheduler.queue_job :: MailChimp_WooCommerce_Single_Product starts in 5 seconds :: obj_id 4967
2021-10-10T18:16:34+00:00 NOTICE action_scheduler.queue_job :: MailChimp_WooCommerce_Single_Product starts in 5 seconds :: obj_id 4963
2021-10-10T18:16:43+00:00 NOTICE action_scheduler.queue_job :: MailChimp_WooCommerce_Single_Product starts in 5 seconds :: obj_id 4961
2021-10-10T18:17:02+00:00 NOTICE action_scheduler.queue_job :: MailChimp_WooCommerce_Single_Product starts in 5 seconds :: obj_id 4959
2021-10-10T18:17:18+00:00 NOTICE action_scheduler.queue_job :: MailChimp_WooCommerce_Single_Product starts in 5 seconds :: obj_id 4957
2021-10-10T18:17:21+00:00 NOTICE product_submit.success :: updateStoreProduct :: #4967
2021-10-10T18:17:21+00:00 NOTICE product_submit.success :: updateStoreProduct :: #4963
2021-10-10T18:17:21+00:00 NOTICE product_submit.success :: updateStoreProduct :: #4961
2021-10-10T18:17:22+00:00 NOTICE product_submit.success :: updateStoreProduct :: #4959
2021-10-10T18:17:29+00:00 NOTICE product_submit.success :: updateStoreProduct :: #4957
2021-10-10T18:17:30+00:00 NOTICE action_scheduler.queue_job :: MailChimp_WooCommerce_Single_Product starts in 5 seconds :: obj_id 4948
2021-10-10T18:17:41+00:00 NOTICE action_scheduler.queue_job :: MailChimp_WooCommerce_Single_Product starts in 5 seconds :: obj_id 4946
2021-10-10T18:17:55+00:00 NOTICE action_scheduler.queue_job :: MailChimp_WooCommerce_Single_Product starts in 5 seconds :: obj_id 4943
2021-10-10T18:18:07+00:00 NOTICE action_scheduler.queue_job :: MailChimp_WooCommerce_Single_Product starts in 5 seconds :: obj_id 4941
2021-10-10T18:18:22+00:00 NOTICE product_submit.success :: updateStoreProduct :: #4948
2021-10-10T18:18:22+00:00 NOTICE product_submit.success :: updateStoreProduct :: #4946
2021-10-10T18:18:23+00:00 NOTICE product_submit.success :: updateStoreProduct :: #4943
2021-10-10T18:18:23+00:00 NOTICE product_submit.success :: updateStoreProduct :: #4941
2021-10-10T18:27:23+00:00 NOTICE action_scheduler.queue_job :: MailChimp_WooCommerce_Single_Product starts in 5 seconds :: obj_id 4999
2021-10-10T18:27:52+00:00 NOTICE product_submit.success :: updateStoreProduct :: #4999
2021-10-10T18:28:07+00:00 NOTICE action_scheduler.queue_job :: MailChimp_WooCommerce_Single_Product starts in 5 seconds :: obj_id 4832
2021-10-10T18:28:21+00:00 NOTICE action_scheduler.queue_job :: MailChimp_WooCommerce_Single_Product starts in 5 seconds :: obj_id 4830
2021-10-10T18:28:34+00:00 NOTICE action_scheduler.queue_job :: MailChimp_WooCommerce_Single_Product starts in 5 seconds :: obj_id 4828
2021-10-10T18:28:47+00:00 NOTICE action_scheduler.queue_job :: MailChimp_WooCommerce_Single_Product starts in 5 seconds :: obj_id 4826
2021-10-10T18:28:56+00:00 NOTICE product_submit.success :: updateStoreProduct :: #4832
2021-10-10T18:28:56+00:00 NOTICE product_submit.success :: updateStoreProduct :: #4830
2021-10-10T18:28:57+00:00 NOTICE product_submit.success :: updateStoreProduct :: #4828
2021-10-10T18:28:57+00:00 NOTICE product_submit.success :: updateStoreProduct :: #4826
2021-10-10T18:29:21+00:00 NOTICE action_scheduler.queue_job :: MailChimp_WooCommerce_Single_Product starts in 5 seconds :: obj_id 4830
2021-10-10T18:29:39+00:00 NOTICE action_scheduler.queue_job :: MailChimp_WooCommerce_Single_Product starts in 5 seconds :: obj_id 4822
2021-10-10T18:29:51+00:00 NOTICE action_scheduler.queue_job :: MailChimp_WooCommerce_Single_Product starts in 5 seconds :: obj_id 4809
2021-10-10T18:29:59+00:00 NOTICE product_submit.success :: updateStoreProduct :: #4830
2021-10-10T18:29:59+00:00 NOTICE product_submit.success :: updateStoreProduct :: #4822
2021-10-10T18:29:59+00:00 NOTICE product_submit.success :: updateStoreProduct :: #4809
2021-10-10T18:30:04+00:00 NOTICE action_scheduler.queue_job :: MailChimp_WooCommerce_Single_Product starts in 5 seconds :: obj_id 4807
2021-10-10T18:30:22+00:00 NOTICE action_scheduler.queue_job :: MailChimp_WooCommerce_Single_Product starts in 5 seconds :: obj_id 4805
2021-10-10T18:30:37+00:00 NOTICE action_scheduler.queue_job :: MailChimp_WooCommerce_Single_Product starts in 5 seconds :: obj_id 4803
2021-10-10T18:31:00+00:00 NOTICE action_scheduler.queue_job :: MailChimp_WooCommerce_Single_Product starts in 5 seconds :: obj_id 4800
2021-10-10T18:31:00+00:00 NOTICE product_submit.success :: updateStoreProduct :: #4807
2021-10-10T18:31:01+00:00 NOTICE product_submit.success :: updateStoreProduct :: #4805
2021-10-10T18:31:01+00:00 NOTICE product_submit.success :: updateStoreProduct :: #4803
2021-10-10T18:31:09+00:00 NOTICE product_submit.success :: updateStoreProduct :: #4800
2021-10-10T18:31:14+00:00 NOTICE action_scheduler.queue_job :: MailChimp_WooCommerce_Single_Product starts in 5 seconds :: obj_id 4798
2021-10-10T18:31:39+00:00 NOTICE action_scheduler.queue_job :: MailChimp_WooCommerce_Single_Product starts in 5 seconds :: obj_id 4787
2021-10-10T18:32:04+00:00 NOTICE product_submit.success :: updateStoreProduct :: #4798
2021-10-10T18:32:04+00:00 NOTICE product_submit.success :: updateStoreProduct :: #4787
2021-10-10T18:32:10+00:00 NOTICE action_scheduler.queue_job :: MailChimp_WooCommerce_Single_Product starts in 5 seconds :: obj_id 4789
2021-10-10T18:32:19+00:00 NOTICE product.deleted :: deleted product 4785
2021-10-10T18:32:26+00:00 NOTICE product.deleted :: deleted product 4773
2021-10-10T18:32:47+00:00 NOTICE action_scheduler.queue_job :: MailChimp_WooCommerce_Single_Product starts in 5 seconds :: obj_id 4783
2021-10-10T18:33:00+00:00 NOTICE action_scheduler.queue_job :: MailChimp_WooCommerce_Single_Product starts in 5 seconds :: obj_id 4683
2021-10-10T18:33:04+00:00 NOTICE product_submit.success :: updateStoreProduct :: #4789
2021-10-10T18:33:04+00:00 NOTICE product_submit.success :: updateStoreProduct :: #4783
2021-10-10T18:33:11+00:00 NOTICE product_submit.success :: updateStoreProduct :: #4683
2021-10-10T18:33:13+00:00 NOTICE action_scheduler.queue_job :: MailChimp_WooCommerce_Single_Product starts in 5 seconds :: obj_id 4679
2021-10-10T18:33:46+00:00 NOTICE action_scheduler.queue_job :: MailChimp_WooCommerce_Single_Product starts in 5 seconds :: obj_id 4629
2021-10-10T18:33:57+00:00 NOTICE action_scheduler.queue_job :: MailChimp_WooCommerce_Single_Product starts in 5 seconds :: obj_id 4621
2021-10-10T18:34:05+00:00 NOTICE product_submit.success :: updateStoreProduct :: #4679
2021-10-10T18:34:06+00:00 NOTICE product_submit.success :: updateStoreProduct :: #4629
2021-10-10T18:34:06+00:00 NOTICE product_submit.success :: updateStoreProduct :: #4621
2021-10-10T18:34:12+00:00 NOTICE action_scheduler.queue_job :: MailChimp_WooCommerce_Single_Product starts in 5 seconds :: obj_id 4619
2021-10-10T18:34:26+00:00 NOTICE action_scheduler.queue_job :: MailChimp_WooCommerce_Single_Product starts in 5 seconds :: obj_id 4617
2021-10-10T18:34:41+00:00 NOTICE action_scheduler.queue_job :: MailChimp_WooCommerce_Single_Product starts in 5 seconds :: obj_id 4608
2021-10-10T18:35:37+00:00 NOTICE product_submit.success :: updateStoreProduct :: #4619
2021-10-10T18:35:38+00:00 NOTICE product_submit.success :: updateStoreProduct :: #4617
2021-10-10T18:35:38+00:00 NOTICE product_submit.success :: updateStoreProduct :: #4608
2021-10-10T18:35:43+00:00 NOTICE action_scheduler.queue_job :: MailChimp_WooCommerce_Single_Product starts in 5 seconds :: obj_id 4596
2021-10-10T18:36:12+00:00 NOTICE action_scheduler.queue_job :: MailChimp_WooCommerce_Single_Product starts in 5 seconds :: obj_id 4592
2021-10-10T18:36:26+00:00 NOTICE action_scheduler.queue_job :: MailChimp_WooCommerce_Single_Product starts in 5 seconds :: obj_id 4565
2021-10-10T18:36:35+00:00 NOTICE product_submit.success :: updateStoreProduct :: #4596
2021-10-10T18:36:36+00:00 NOTICE product_submit.success :: updateStoreProduct :: #4592
2021-10-10T18:36:36+00:00 NOTICE product_submit.success :: updateStoreProduct :: #4565
2021-10-10T18:36:44+00:00 NOTICE action_scheduler.queue_job :: MailChimp_WooCommerce_Single_Product starts in 5 seconds :: obj_id 4563
2021-10-10T18:36:59+00:00 NOTICE action_scheduler.queue_job :: MailChimp_WooCommerce_Single_Product starts in 5 seconds :: obj_id 4561
2021-10-10T18:37:11+00:00 NOTICE action_scheduler.queue_job :: MailChimp_WooCommerce_Single_Product starts in 5 seconds :: obj_id 4546
2021-10-10T18:37:30+00:00 NOTICE action_scheduler.queue_job :: MailChimp_WooCommerce_Single_Product starts in 5 seconds :: obj_id 4540
2021-10-10T18:37:44+00:00 NOTICE action_scheduler.queue_job :: MailChimp_WooCommerce_Single_Product starts in 5 seconds :: obj_id 4536
2021-10-10T18:37:45+00:00 NOTICE product_submit.success :: updateStoreProduct :: #4563
2021-10-10T18:37:46+00:00 NOTICE product_submit.success :: updateStoreProduct :: #4561
2021-10-10T18:37:46+00:00 NOTICE product_submit.success :: updateStoreProduct :: #4546
2021-10-10T18:37:47+00:00 NOTICE product_submit.success :: updateStoreProduct :: #4540
2021-10-10T18:37:54+00:00 NOTICE product_submit.success :: updateStoreProduct :: #4536
2021-10-10T18:37:55+00:00 NOTICE action_scheduler.queue_job :: MailChimp_WooCommerce_Single_Product starts in 5 seconds :: obj_id 4530
2021-10-10T18:38:08+00:00 NOTICE action_scheduler.queue_job :: MailChimp_WooCommerce_Single_Product starts in 5 seconds :: obj_id 4525
2021-10-10T18:38:19+00:00 NOTICE action_scheduler.queue_job :: MailChimp_WooCommerce_Single_Product starts in 5 seconds :: obj_id 4523
2021-10-10T18:38:41+00:00 NOTICE product_submit.success :: updateStoreProduct :: #4530
2021-10-10T18:38:42+00:00 NOTICE product_submit.success :: updateStoreProduct :: #4525
2021-10-10T18:38:42+00:00 NOTICE product_submit.success :: updateStoreProduct :: #4523
2021-10-10T18:38:50+00:00 NOTICE action_scheduler.queue_job :: MailChimp_WooCommerce_Single_Product starts in 5 seconds :: obj_id 4511
2021-10-10T18:39:01+00:00 NOTICE action_scheduler.queue_job :: MailChimp_WooCommerce_Single_Product starts in 5 seconds :: obj_id 4509
2021-10-10T18:39:15+00:00 NOTICE action_scheduler.queue_job :: MailChimp_WooCommerce_Single_Product starts in 5 seconds :: obj_id 4498
2021-10-10T18:39:34+00:00 NOTICE action_scheduler.queue_job :: MailChimp_WooCommerce_Single_Product starts in 5 seconds :: obj_id 4496
2021-10-10T18:39:43+00:00 NOTICE product_submit.success :: updateStoreProduct :: #4511
2021-10-10T18:39:44+00:00 NOTICE product_submit.success :: updateStoreProduct :: #4509
2021-10-10T18:39:44+00:00 NOTICE product_submit.success :: updateStoreProduct :: #4498
2021-10-10T18:39:45+00:00 NOTICE product_submit.success :: updateStoreProduct :: #4496
2021-10-10T18:39:48+00:00 NOTICE action_scheduler.queue_job :: MailChimp_WooCommerce_Single_Product starts in 5 seconds :: obj_id 4485
2021-10-10T18:39:58+00:00 NOTICE action_scheduler.queue_job :: MailChimp_WooCommerce_Single_Product starts in 5 seconds :: obj_id 4481
2021-10-10T18:40:08+00:00 NOTICE action_scheduler.queue_job :: MailChimp_WooCommerce_Single_Product starts in 5 seconds :: obj_id 4479
2021-10-10T18:40:32+00:00 NOTICE action_scheduler.queue_job :: MailChimp_WooCommerce_Single_Product starts in 5 seconds :: obj_id 4476
2021-10-10T18:40:45+00:00 NOTICE action_scheduler.queue_job :: MailChimp_WooCommerce_Single_Product starts in 5 seconds :: obj_id 4464
2021-10-10T18:40:48+00:00 NOTICE product_submit.success :: updateStoreProduct :: #4485
2021-10-10T18:40:48+00:00 NOTICE product_submit.success :: updateStoreProduct :: #4481
2021-10-10T18:40:49+00:00 NOTICE product_submit.success :: updateStoreProduct :: #4479
2021-10-10T18:40:49+00:00 NOTICE product_submit.success :: updateStoreProduct :: #4476
2021-10-10T18:40:56+00:00 NOTICE product_submit.success :: updateStoreProduct :: #4464
2021-10-10T18:41:03+00:00 NOTICE action_scheduler.queue_job :: MailChimp_WooCommerce_Single_Product starts in 5 seconds :: obj_id 4459
2021-10-10T18:41:16+00:00 NOTICE action_scheduler.queue_job :: MailChimp_WooCommerce_Single_Product starts in 5 seconds :: obj_id 4457
2021-10-10T18:41:28+00:00 NOTICE action_scheduler.queue_job :: MailChimp_WooCommerce_Single_Product starts in 5 seconds :: obj_id 4455
2021-10-10T18:41:43+00:00 NOTICE action_scheduler.queue_job :: MailChimp_WooCommerce_Single_Product starts in 5 seconds :: obj_id 4304
2021-10-10T18:41:50+00:00 NOTICE product_submit.success :: updateStoreProduct :: #4459
2021-10-10T18:41:50+00:00 NOTICE product_submit.success :: updateStoreProduct :: #4457
2021-10-10T18:41:51+00:00 NOTICE product_submit.success :: updateStoreProduct :: #4455
2021-10-10T18:41:52+00:00 NOTICE product_submit.success :: updateStoreProduct :: #4304
2021-10-10T18:41:53+00:00 NOTICE action_scheduler.queue_job :: MailChimp_WooCommerce_Single_Product starts in 5 seconds :: obj_id 4305
2021-10-10T18:42:02+00:00 NOTICE action_scheduler.queue_job :: MailChimp_WooCommerce_Single_Product starts in 5 seconds :: obj_id 4303
2021-10-10T18:42:15+00:00 NOTICE action_scheduler.queue_job :: MailChimp_WooCommerce_Single_Product starts in 5 seconds :: obj_id 4307
2021-10-10T18:42:26+00:00 NOTICE action_scheduler.queue_job :: MailChimp_WooCommerce_Single_Product starts in 5 seconds :: obj_id 4308
2021-10-10T18:42:41+00:00 NOTICE action_scheduler.queue_job :: MailChimp_WooCommerce_Single_Product starts in 5 seconds :: obj_id 4311
2021-10-10T18:42:51+00:00 NOTICE product_submit.success :: updateStoreProduct :: #4305
2021-10-10T18:42:51+00:00 NOTICE product_submit.success :: updateStoreProduct :: #4303
2021-10-10T18:42:52+00:00 NOTICE product_submit.success :: updateStoreProduct :: #4307
2021-10-10T18:42:52+00:00 NOTICE product_submit.success :: updateStoreProduct :: #4308
2021-10-10T18:42:53+00:00 NOTICE product_submit.success :: updateStoreProduct :: #4311
2021-10-10T18:42:54+00:00 NOTICE action_scheduler.queue_job :: MailChimp_WooCommerce_Single_Product starts in 5 seconds :: obj_id 4447
2021-10-10T18:43:06+00:00 NOTICE action_scheduler.queue_job :: MailChimp_WooCommerce_Single_Product starts in 5 seconds :: obj_id 4445
2021-10-10T18:43:41+00:00 NOTICE action_scheduler.queue_job :: MailChimp_WooCommerce_Single_Product starts in 5 seconds :: obj_id 4455
2021-10-10T18:43:47+00:00 NOTICE product.deleted :: deleted product 4443
2021-10-10T18:43:52+00:00 NOTICE product_submit.success :: updateStoreProduct :: #4447
2021-10-10T18:43:52+00:00 NOTICE product_submit.success :: updateStoreProduct :: #4445
2021-10-10T18:43:52+00:00 NOTICE product_submit.success :: updateStoreProduct :: #4455
2021-10-10T18:44:06+00:00 NOTICE action_scheduler.queue_job :: MailChimp_WooCommerce_Single_Product starts in 5 seconds :: obj_id 4219
2021-10-10T18:44:23+00:00 NOTICE action_scheduler.queue_job :: MailChimp_WooCommerce_Single_Product starts in 5 seconds :: obj_id 4203
2021-10-10T18:44:42+00:00 NOTICE action_scheduler.queue_job :: MailChimp_WooCommerce_Single_Product starts in 5 seconds :: obj_id 4202
2021-10-10T18:44:53+00:00 NOTICE product_submit.success :: updateStoreProduct :: #4219
2021-10-10T18:44:54+00:00 NOTICE product_submit.success :: updateStoreProduct :: #4203
2021-10-10T18:44:54+00:00 NOTICE product_submit.success :: updateStoreProduct :: #4202
2021-10-10T18:45:05+00:00 NOTICE action_scheduler.queue_job :: MailChimp_WooCommerce_Single_Product starts in 5 seconds :: obj_id 4201
2021-10-10T18:45:24+00:00 NOTICE action_scheduler.queue_job :: MailChimp_WooCommerce_Single_Product starts in 5 seconds :: obj_id 4200
2021-10-10T18:45:44+00:00 NOTICE action_scheduler.queue_job :: MailChimp_WooCommerce_Single_Product starts in 5 seconds :: obj_id 4197
2021-10-10T18:45:55+00:00 NOTICE product_submit.success :: updateStoreProduct :: #4201
2021-10-10T18:45:56+00:00 NOTICE product_submit.success :: updateStoreProduct :: #4200
2021-10-10T18:45:56+00:00 NOTICE product_submit.success :: updateStoreProduct :: #4197
2021-10-10T18:46:02+00:00 NOTICE action_scheduler.queue_job :: MailChimp_WooCommerce_Single_Product starts in 5 seconds :: obj_id 4186
2021-10-10T18:46:15+00:00 NOTICE action_scheduler.queue_job :: MailChimp_WooCommerce_Single_Product starts in 5 seconds :: obj_id 4183
2021-10-10T18:46:20+00:00 NOTICE product.deleted :: deleted product 4181
2021-10-10T18:46:34+00:00 NOTICE product.deleted :: deleted product 4178
2021-10-10T18:46:49+00:00 NOTICE product.deleted :: deleted product 4177
2021-10-10T18:46:58+00:00 NOTICE product_submit.success :: updateStoreProduct :: #4186
2021-10-10T18:46:58+00:00 NOTICE product_submit.success :: updateStoreProduct :: #4183
2021-10-10T18:47:17+00:00 NOTICE action_scheduler.queue_job :: MailChimp_WooCommerce_Single_Product starts in 5 seconds :: obj_id 4176
2021-10-10T18:47:34+00:00 NOTICE action_scheduler.queue_job :: MailChimp_WooCommerce_Single_Product starts in 5 seconds :: obj_id 4174
2021-10-10T18:47:53+00:00 NOTICE action_scheduler.queue_job :: MailChimp_WooCommerce_Single_Product starts in 5 seconds :: obj_id 4162
2021-10-10T18:48:08+00:00 NOTICE product_submit.success :: updateStoreProduct :: #4176
2021-10-10T18:48:09+00:00 NOTICE product_submit.success :: updateStoreProduct :: #4174
2021-10-10T18:48:09+00:00 NOTICE product_submit.success :: updateStoreProduct :: #4162
2021-10-10T18:48:24+00:00 NOTICE action_scheduler.queue_job :: MailChimp_WooCommerce_Single_Product starts in 5 seconds :: obj_id 4156
2021-10-10T18:48:38+00:00 NOTICE action_scheduler.queue_job :: MailChimp_WooCommerce_Single_Product starts in 5 seconds :: obj_id 4154
2021-10-10T18:48:51+00:00 NOTICE action_scheduler.queue_job :: MailChimp_WooCommerce_Single_Product starts in 5 seconds :: obj_id 4153
2021-10-10T18:49:26+00:00 NOTICE action_scheduler.queue_job :: MailChimp_WooCommerce_Single_Product starts in 5 seconds :: obj_id 4151
2021-10-10T18:49:30+00:00 NOTICE product_submit.success :: updateStoreProduct :: #4156
2021-10-10T18:49:31+00:00 NOTICE product_submit.success :: updateStoreProduct :: #4154
2021-10-10T18:49:31+00:00 NOTICE product_submit.success :: updateStoreProduct :: #4153
2021-10-10T18:49:33+00:00 NOTICE product_submit.success :: updateStoreProduct :: #4151
2021-10-10T18:49:58+00:00 NOTICE action_scheduler.queue_job :: MailChimp_WooCommerce_Single_Product starts in 5 seconds :: obj_id 4114
2021-10-10T18:50:10+00:00 NOTICE action_scheduler.queue_job :: MailChimp_WooCommerce_Single_Product starts in 5 seconds :: obj_id 4111
2021-10-10T18:50:22+00:00 NOTICE action_scheduler.queue_job :: MailChimp_WooCommerce_Single_Product starts in 5 seconds :: obj_id 4110
2021-10-10T18:50:33+00:00 NOTICE product_submit.success :: updateStoreProduct :: #4114
2021-10-10T18:50:33+00:00 NOTICE product_submit.success :: updateStoreProduct :: #4111
2021-10-10T18:50:34+00:00 NOTICE product_submit.success :: updateStoreProduct :: #4110
2021-10-10T18:50:42+00:00 NOTICE action_scheduler.queue_job :: MailChimp_WooCommerce_Single_Product starts in 5 seconds :: obj_id 4108
2021-10-10T18:50:53+00:00 NOTICE product_submit.success :: updateStoreProduct :: #4108
2021-10-10T18:51:07+00:00 NOTICE action_scheduler.queue_job :: MailChimp_WooCommerce_Single_Product starts in 5 seconds :: obj_id 4105
2021-10-10T18:51:25+00:00 NOTICE action_scheduler.queue_job :: MailChimp_WooCommerce_Single_Product starts in 5 seconds :: obj_id 4104
2021-10-10T18:51:35+00:00 NOTICE product_submit.success :: updateStoreProduct :: #4105
2021-10-10T18:51:36+00:00 NOTICE product_submit.success :: updateStoreProduct :: #4104
2021-10-10T18:51:39+00:00 NOTICE action_scheduler.queue_job :: MailChimp_WooCommerce_Single_Product starts in 5 seconds :: obj_id 4103
2021-10-10T18:51:56+00:00 NOTICE action_scheduler.queue_job :: MailChimp_WooCommerce_Single_Product starts in 5 seconds :: obj_id 4102
2021-10-10T18:52:13+00:00 NOTICE action_scheduler.queue_job :: MailChimp_WooCommerce_Single_Product starts in 5 seconds :: obj_id 4101
2021-10-10T18:52:37+00:00 NOTICE action_scheduler.queue_job :: MailChimp_WooCommerce_Single_Product starts in 5 seconds :: obj_id 4065
2021-10-10T18:52:39+00:00 NOTICE product_submit.success :: updateStoreProduct :: #4103
2021-10-10T18:52:40+00:00 NOTICE product_submit.success :: updateStoreProduct :: #4102
2021-10-10T18:52:40+00:00 NOTICE product_submit.success :: updateStoreProduct :: #4101
2021-10-10T18:52:52+00:00 NOTICE action_scheduler.queue_job :: MailChimp_WooCommerce_Single_Product starts in 5 seconds :: obj_id 4062
2021-10-10T18:52:54+00:00 NOTICE product_submit.success :: updateStoreProduct :: #4065
2021-10-10T18:53:01+00:00 NOTICE product_submit.success :: updateStoreProduct :: #4062
2021-10-10T18:53:07+00:00 NOTICE action_scheduler.queue_job :: MailChimp_WooCommerce_Single_Product starts in 5 seconds :: obj_id 4057
2021-10-10T18:53:23+00:00 NOTICE action_scheduler.queue_job :: MailChimp_WooCommerce_Single_Product starts in 5 seconds :: obj_id 4053
2021-10-10T18:53:35+00:00 NOTICE action_scheduler.queue_job :: MailChimp_WooCommerce_Single_Product starts in 5 seconds :: obj_id 4051
2021-10-10T18:53:41+00:00 NOTICE product_submit.success :: updateStoreProduct :: #4057
2021-10-10T18:53:41+00:00 NOTICE product_submit.success :: updateStoreProduct :: #4053
2021-10-10T18:53:41+00:00 NOTICE product_submit.success :: updateStoreProduct :: #4051
2021-10-10T18:54:11+00:00 NOTICE action_scheduler.queue_job :: MailChimp_WooCommerce_Single_Product starts in 5 seconds :: obj_id 4043
2021-10-10T18:54:35+00:00 NOTICE action_scheduler.queue_job :: MailChimp_WooCommerce_Single_Product starts in 5 seconds :: obj_id 4045
2021-10-10T18:54:41+00:00 NOTICE product.deleted :: deleted product 4038
2021-10-10T18:54:43+00:00 NOTICE product_submit.success :: updateStoreProduct :: #4043
2021-10-10T18:54:44+00:00 NOTICE product_submit.success :: updateStoreProduct :: #4045
2021-10-10T18:55:38+00:00 NOTICE product.deleted :: deleted product 4033
2021-10-10T18:56:09+00:00 NOTICE product.deleted :: deleted product 4030
